<?xml version="1.0" encoding="utf-8"?><testsuites name="pytest tests"><testsuite name="pytest" errors="0" failures="0" skipped="0" tests="10" time="2.428" timestamp="2026-08-20T11:06:35.603547+00:00" hostname="agent-env-7a9219cd-1c68-49bc-9fb7-4c03e432ce85"><testcase classname="tests.test_team_expenses.TestExpenseAccessControl" name="test_agent_cannot_list_expenses" time="0.733" /><testcase classname="tests.test_team_expenses.TestExpenseAccessControl" name="test_agent_cannot_create_expense" time="0.066" /><testcase classname="tests.test_team_expenses.TestExpenseAccessControl" name="test_anon_cannot_list_expenses" time="0.109" /><testcase classname="tests.test_team_expenses.TestExpenseTeamTagging" name="test_expense_with_team_updates_team_expenses" time="1.410" /><testcase classname="tests.test_team_expenses.TestExpenseTeamTagging" name="test_expense_without_team" time="0.170" /><testcase classname="tests.test_team_expenses.TestTeamsExposeExpenses" name="test_teams_have_team_expenses_field" time="0.558" /><testcase classname="tests.test_team_expenses.TestTeamsExposeExpenses" name="test_seeded_team_names" time="0.000" /><testcase classname="tests.test_team_expenses.TestExpenseSummary" name="test_month_expense_categories_reconcile" time="0.082" /><testcase classname="tests.test_team_expenses.TestExpenseTeamTagging" name="test_expense_invalid_team_id" time="0.064" /><testcase classname="tests.test_team_expenses.TestExpenseTeamTagging" name="test_update_expense_preserves_team" time="0.249" /></testsuite></testsuites>