<?xml version="1.0" encoding="utf-8"?><testsuites name="pytest tests"><testsuite name="pytest" errors="0" failures="2" skipped="0" tests="71" time="9.292" timestamp="2026-08-20T07:57:42.800571+00:00" hostname="agent-env-7a9219cd-1c68-49bc-9fb7-4c03e432ce85"><testcase classname="tests.test_insights.TestReports" name="test_report_json[sales]" time="0.624" /><testcase classname="tests.test_auth.TestRBAC" name="test_agent_forbidden[/api/salary]" time="0.677" /><testcase classname="tests.test_insights.TestReports" name="test_report_json[agent-sales]" time="0.103" /><testcase classname="tests.test_auth.TestRBAC" name="test_agent_forbidden[/api/expenses]" time="0.098" /><testcase classname="tests.test_insights.TestReports" name="test_report_json[team-sales]" time="0.064" /><testcase classname="tests.test_auth.TestRBAC" name="test_agent_forbidden[/api/accounts/summary?month=2026-08]" time="0.061" /><testcase classname="tests.test_insights.TestReports" name="test_report_json[commission]" time="0.060" /><testcase classname="tests.test_auth.TestRBAC" name="test_agent_forbidden[/api/reports/salary]" time="0.059" /><testcase classname="tests.test_insights.TestReports" name="test_report_json[salary]" time="0.062" /><testcase classname="tests.test_auth.TestRBAC" name="test_agent_forbidden[/api/reports/expenses]" time="0.061" /><testcase classname="tests.test_insights.TestReports" name="test_report_json[expenses]" time="0.101" /><testcase classname="tests.test_auth.TestRBAC" name="test_agent_forbidden[/api/reports/profit-summary]" time="0.061" /><testcase classname="tests.test_insights.TestReports" name="test_report_json[collections]" time="0.059" /><testcase classname="tests.test_auth.TestRBAC" name="test_agent_sales_scoped" time="0.060" /><testcase classname="tests.test_insights.TestReports" name="test_report_json[projects]" time="0.064" /><testcase classname="tests.test_auth.TestRBAC" name="test_agent_cannot_create_project" time="0.059" /><testcase classname="tests.test_auth.TestRBAC" name="test_agent_other_dashboard_denied" time="0.065" /><testcase classname="tests.test_insights.TestReports" name="test_report_json[profit-summary]" time="0.067" /><testcase classname="tests.test_auth.TestRBAC" name="test_agent_own_dashboard" time="0.061" /><testcase classname="tests.test_insights.TestReports" name="test_profit_summary_rows" time="0.063" /><testcase classname="tests.test_insights.TestReports" name="test_unknown_report" time="0.060" /><testcase classname="tests.test_insights.TestReports" name="test_csv_export" time="0.272" /><testcase classname="tests.test_auth.TestRBAC" name="test_no_mongo_id_leak" time="0.651" /><testcase classname="tests.test_insights.TestReports" name="test_xlsx_export" time="0.065" /><testcase classname="tests.test_insights.TestReports" name="test_empty_report_export_does_not_500" time="0.204" /><testcase classname="tests.test_auth.TestAuth" name="test_admin_login" time="0.518" /><testcase classname="tests.test_insights.TestReports" name="test_agent_report_scoped" time="0.556" /><testcase classname="tests.test_uploads.TestUploads" name="test_template_info" time="0.060" /><testcase classname="tests.test_auth.TestAuth" name="test_agent_login_by_code" time="0.341" /><testcase classname="tests.test_uploads.TestUploads" name="test_unknown_entity" time="0.227" /><testcase classname="tests.test_uploads.TestUploads" name="test_agent_cannot_upload" time="0.334" /><testcase classname="tests.test_auth.TestAuth" name="test_login_bad_password" time="0.288" /><testcase classname="tests.test_uploads.TestUploads" name="test_expenses_preview_and_confirm" time="0.601" /><testcase classname="tests.test_auth.TestAuth" name="test_login_unknown_user" time="0.076" /><testcase classname="tests.test_auth.TestAuth" name="test_me_requires_auth" time="0.071" /><testcase classname="tests.test_auth.TestAuth" name="test_me_admin" time="0.043" /><testcase classname="tests.test_auth.TestAuth" name="test_invalid_token" time="0.115" /><testcase classname="tests.test_auth.TestAuth" name="test_login_sets_httponly_cookie" time="0.290"><failure message="AssertionError: No httpOnly cookie set: ''&#10;assert ('access_token' in '')">E   AssertionError: No httpOnly cookie set: ''
    assert ('access_token' in '')</failure></testcase><testcase classname="tests.test_uploads.TestUploads" name="test_confirm_rejects_missing_required" time="0.059" /><testcase classname="tests.test_auth.TestAuth" name="test_bcrypt_hash_format" time="0.096" /><testcase classname="tests.test_uploads.TestUploads" name="test_salary_duplicate_flagged" time="0.324" /><testcase classname="tests.test_auth.TestAuth" name="test_brute_force_lockout" time="1.752"><failure message="AssertionError: No lockout after 6 failures, codes=[401, 401, 401, 401, 401, 401]&#10;assert (429 in [401, 401, 401, 401, 401, 401] or 423 in [401, 401, 401, 401, 401, 401])">E   AssertionError: No lockout after 6 failures, codes=[401, 401, 401, 401, 401, 401]
    assert (429 in [401, 401, 401, 401, 401, 401] or 423 in [401, 401, 401, 401, 401, 401])</failure></testcase><testcase classname="tests.test_uploads.TestUploads" name="test_sales_upload_duplicate_and_missing_project" time="0.316" /><testcase classname="tests.test_uploads.TestUploads" name="test_projects_upload_flow" time="1.145" /><testcase classname="tests.test_uploads.TestUploads" name="test_malformed_file" time="0.214" /><testcase classname="tests.test_masters.TestAgentsTeams" name="test_seeded_agents" time="0.045" /><testcase classname="tests.test_masters.TestAgentsTeams" name="test_seeded_teams" time="0.047" /><testcase classname="tests.test_masters.TestAgentsTeams" name="test_agent_crud" time="1.020" /><testcase classname="tests.test_transactions.TestSalesFlow" name="test_seeded_sales" time="0.178" /><testcase classname="tests.test_transactions.TestSalesFlow" name="test_sales_month_filter" time="0.059" /><testcase classname="tests.test_transactions.TestSalesFlow" name="test_create_sale_updates_inventory_commission_and_payment" time="1.478" /><testcase classname="tests.test_masters.TestAgentsTeams" name="test_team_crud" time="0.178" /><testcase classname="tests.test_masters.TestAgentsTeams" name="test_cannot_delete_agent_with_sales" time="0.128" /><testcase classname="tests.test_masters.TestAgentsTeams" name="test_cannot_delete_project_with_sales" time="0.087" /><testcase classname="tests.test_masters.TestProjects" name="test_seeded_projects" time="0.046" /><testcase classname="tests.test_masters.TestProjects" name="test_project_crud" time="0.309" /><testcase classname="tests.test_masters.TestProjects" name="test_bad_project_id" time="0.044" /><testcase classname="tests.test_masters.TestProjects" name="test_validation_error" time="0.044" /><testcase classname="tests.test_transactions.TestSalesFlow" name="test_sale_full_payment_marks_sold" time="0.215" /><testcase classname="tests.test_insights.TestDashboard" name="test_admin_dashboard" time="0.048" /><testcase classname="tests.test_insights.TestDashboard" name="test_agent_dashboard_scoped" time="0.120" /><testcase classname="tests.test_insights.TestAccounts" name="test_accounts_summary" time="0.087" /><testcase classname="tests.test_transactions.TestSalesFlow" name="test_sale_unknown_project" time="0.056" /><testcase classname="tests.test_transactions.TestSalesFlow" name="test_agent_cannot_create_sale" time="0.047" /><testcase classname="tests.test_insights.TestAccounts" name="test_accounts_month_required" time="0.050" /><testcase classname="tests.test_transactions.TestSalary" name="test_list_seeded" time="0.060" /><testcase classname="tests.test_transactions.TestCommissionRules" name="test_seeded_rules" time="0.085" /><testcase classname="tests.test_transactions.TestSalary" name="test_salary_crud_net_calc" time="0.295" /><testcase classname="tests.test_transactions.TestCommissionRules" name="test_rule_crud" time="0.188" /><testcase classname="tests.test_transactions.TestExpenses" name="test_list_seeded" time="0.058" /><testcase classname="tests.test_transactions.TestExpenses" name="test_expense_crud" time="0.298" /></testsuite></testsuites>