<?xml version="1.0" encoding="utf-8"?><testsuites name="pytest tests"><testsuite name="pytest" errors="0" failures="0" skipped="0" tests="98" time="12.050" timestamp="2026-08-20T11:35:24.867596+00:00" hostname="agent-env-7a9219cd-1c68-49bc-9fb7-4c03e432ce85"><testcase classname="tests.test_insights.TestReports" name="test_report_json[sales]" time="0.620" /><testcase classname="tests.test_insights.TestReports" name="test_report_json[agent-sales]" time="0.060" /><testcase classname="tests.test_cookie_session.TestReportShapes" name="test_report_returns_rows_list[sales]" time="0.748" /><testcase classname="tests.test_insights.TestReports" name="test_report_json[team-sales]" time="0.110" /><testcase classname="tests.test_cookie_session.TestReportShapes" name="test_report_returns_rows_list[agent-sales]" time="0.113" /><testcase classname="tests.test_insights.TestReports" name="test_report_json[commission]" time="0.060" /><testcase classname="tests.test_insights.TestReports" name="test_report_json[salary]" time="0.069" /><testcase classname="tests.test_cookie_session.TestReportShapes" name="test_report_returns_rows_list[team-sales]" time="0.072" /><testcase classname="tests.test_insights.TestReports" name="test_report_json[expenses]" time="0.064" /><testcase classname="tests.test_cookie_session.TestReportShapes" name="test_report_returns_rows_list[commission]" time="0.078" /><testcase classname="tests.test_insights.TestReports" name="test_report_json[collections]" time="0.066" /><testcase classname="tests.test_cookie_session.TestReportShapes" name="test_report_returns_rows_list[collections]" time="0.108" /><testcase classname="tests.test_insights.TestReports" name="test_report_json[projects]" time="0.060" /><testcase classname="tests.test_insights.TestReports" name="test_report_json[profit-summary]" time="0.066" /><testcase classname="tests.test_cookie_session.TestReportShapes" name="test_report_returns_rows_list[projects]" time="0.071" /><testcase classname="tests.test_insights.TestReports" name="test_profit_summary_rows" time="0.058" /><testcase classname="tests.test_cookie_session.TestReportShapes" name="test_report_returns_rows_list[salary]" time="0.081" /><testcase classname="tests.test_insights.TestReports" name="test_unknown_report" time="0.062" /><testcase classname="tests.test_cookie_session.TestReportShapes" name="test_report_returns_rows_list[expenses]" time="0.110" /><testcase classname="tests.test_insights.TestReports" name="test_csv_export" time="0.062" /><testcase classname="tests.test_insights.TestReports" name="test_xlsx_export" time="0.130" /><testcase classname="tests.test_cookie_session.TestReportShapes" name="test_report_returns_rows_list[profit-summary]" time="0.122" /><testcase classname="tests.test_insights.TestReports" name="test_empty_report_export_does_not_500" time="0.132" /><testcase classname="tests.test_cookie_session.TestReportShapes" name="test_export_downloads[csv]" time="0.112" /><testcase classname="tests.test_cookie_session.TestReportShapes" name="test_export_downloads[excel]" time="0.078" /><testcase classname="tests.test_cookie_session.TestReportShapes" name="test_dashboard_shape" time="0.074" /><testcase classname="tests.test_auth.TestAuth" name="test_admin_login" time="0.485" /><testcase classname="tests.test_insights.TestReports" name="test_agent_report_scoped" time="0.622" /><testcase classname="tests.test_auth.TestRBAC" name="test_agent_forbidden[/api/salary]" time="0.299" /><testcase classname="tests.test_auth.TestAuth" name="test_agent_login_by_code" time="0.301" /><testcase classname="tests.test_auth.TestRBAC" name="test_agent_forbidden[/api/expenses]" time="0.080" /><testcase classname="tests.test_auth.TestAuth" name="test_login_bad_password" time="0.305" /><testcase classname="tests.test_auth.TestRBAC" name="test_agent_forbidden[/api/accounts/summary?month=2026-08]" time="0.225" /><testcase classname="tests.test_auth.TestRBAC" name="test_agent_forbidden[/api/reports/salary]" time="0.080" /><testcase classname="tests.test_auth.TestAuth" name="test_login_unknown_user" time="0.080" /><testcase classname="tests.test_auth.TestRBAC" name="test_agent_forbidden[/api/reports/expenses]" time="0.121" /><testcase classname="tests.test_auth.TestAuth" name="test_me_requires_auth" time="0.074" /><testcase classname="tests.test_auth.TestAuth" name="test_me_admin" time="0.110" /><testcase classname="tests.test_auth.TestRBAC" name="test_agent_forbidden[/api/reports/profit-summary]" time="0.077" /><testcase classname="tests.test_auth.TestAuth" name="test_invalid_token" time="0.163" /><testcase classname="tests.test_auth.TestRBAC" name="test_agent_sales_scoped" time="0.112" /><testcase classname="tests.test_auth.TestRBAC" name="test_agent_cannot_create_project" time="0.083" /><testcase classname="tests.test_auth.TestAuth" name="test_login_sets_httponly_cookie" time="0.301" /><testcase classname="tests.test_auth.TestRBAC" name="test_agent_other_dashboard_denied" time="0.256" /><testcase classname="tests.test_auth.TestRBAC" name="test_agent_own_dashboard" time="0.134" /><testcase classname="tests.test_auth.TestAuth" name="test_bcrypt_hash_format" time="0.016" /><testcase classname="tests.test_auth.TestAuth" name="test_brute_force_lockout" time="0.466" /><testcase classname="tests.test_auth.TestRBAC" name="test_no_mongo_id_leak" time="0.426" /><testcase classname="tests.test_masters.TestAgentsTeams" name="test_seeded_agents" time="0.079" /><testcase classname="tests.test_uploads.TestUploads" name="test_template_info" time="0.067" /><testcase classname="tests.test_masters.TestAgentsTeams" name="test_seeded_teams" time="0.074" /><testcase classname="tests.test_uploads.TestUploads" name="test_unknown_entity" time="0.330" /><testcase classname="tests.test_masters.TestAgentsTeams" name="test_agent_crud" time="1.211" /><testcase classname="tests.test_uploads.TestUploads" name="test_agent_cannot_upload" time="0.139" /><testcase classname="tests.test_uploads.TestUploads" name="test_expenses_preview_and_confirm" time="0.830" /><testcase classname="tests.test_masters.TestAgentsTeams" name="test_team_crud" time="0.286" /><testcase classname="tests.test_uploads.TestUploads" name="test_confirm_rejects_missing_required" time="0.065" /><testcase classname="tests.test_uploads.TestUploads" name="test_salary_duplicate_flagged" time="0.218" /><testcase classname="tests.test_masters.TestAgentsTeams" name="test_cannot_delete_agent_with_sales" time="0.195" /><testcase classname="tests.test_uploads.TestUploads" name="test_sales_upload_duplicate_and_missing_project" time="0.264" /><testcase classname="tests.test_masters.TestAgentsTeams" name="test_cannot_delete_project_with_sales" time="0.140" /><testcase classname="tests.test_uploads.TestUploads" name="test_projects_upload_flow" time="0.489" /><testcase classname="tests.test_transactions.TestSalesFlow" name="test_seeded_sales" time="0.074" /><testcase classname="tests.test_transactions.TestSalesFlow" name="test_sales_month_filter" time="0.076" /><testcase classname="tests.test_transactions.TestSalesFlow" name="test_create_sale_updates_inventory_commission_and_payment" time="1.488" /><testcase classname="tests.test_uploads.TestUploads" name="test_malformed_file" time="0.205" /><testcase classname="tests.test_cookie_session.TestCookieSession" name="test_cookie_only_me_and_logout" time="0.737" /><testcase classname="tests.test_cookie_session.TestCookieSession" name="test_logout_requires_auth" time="0.140" /><testcase classname="tests.test_cookie_session.TestCookieSession" name="test_agent_cookie_login" time="0.522" /><testcase classname="tests.test_transactions.TestSalesFlow" name="test_sale_full_payment_marks_sold" time="0.528" /><testcase classname="tests.test_cookie_session.TestCookieSession" name="test_cors_allows_credentials_explicit_origin" time="0.636" /><testcase classname="tests.test_transactions.TestSalesFlow" name="test_sale_unknown_project" time="0.316" /><testcase classname="tests.test_masters.TestProjects" name="test_seeded_projects" time="0.255" /><testcase classname="tests.test_masters.TestProjects" name="test_project_crud" time="0.456" /><testcase classname="tests.test_transactions.TestSalesFlow" name="test_agent_cannot_create_sale" time="0.606" /><testcase classname="tests.test_team_expenses.TestExpenseTeamTagging" name="test_expense_with_team_updates_team_expenses" time="0.524" /><testcase classname="tests.test_masters.TestProjects" name="test_bad_project_id" time="0.100" /><testcase classname="tests.test_masters.TestProjects" name="test_validation_error" time="0.061" /><testcase classname="tests.test_team_expenses.TestExpenseAccessControl" name="test_agent_cannot_list_expenses" time="0.075" /><testcase classname="tests.test_team_expenses.TestExpenseTeamTagging" name="test_expense_without_team" time="0.139" /><testcase classname="tests.test_team_expenses.TestExpenseAccessControl" name="test_agent_cannot_create_expense" time="0.073" /><testcase classname="tests.test_team_expenses.TestExpenseAccessControl" name="test_anon_cannot_list_expenses" time="0.122" /><testcase classname="tests.test_team_expenses.TestExpenseTeamTagging" name="test_expense_invalid_team_id" time="0.072" /><testcase classname="tests.test_team_expenses.TestExpenseTeamTagging" name="test_update_expense_preserves_team" time="0.330" /><testcase classname="tests.test_insights.TestDashboard" name="test_admin_dashboard" time="0.064" /><testcase classname="tests.test_insights.TestDashboard" name="test_agent_dashboard_scoped" time="0.142" /><testcase classname="tests.test_team_expenses.TestTeamsExposeExpenses" name="test_teams_have_team_expenses_field" time="0.072" /><testcase classname="tests.test_team_expenses.TestTeamsExposeExpenses" name="test_seeded_team_names" time="0.000" /><testcase classname="tests.test_transactions.TestCommissionRules" name="test_seeded_rules" time="0.071" /><testcase classname="tests.test_insights.TestAccounts" name="test_accounts_summary" time="0.157" /><testcase classname="tests.test_transactions.TestCommissionRules" name="test_rule_crud" time="0.273" /><testcase classname="tests.test_insights.TestAccounts" name="test_accounts_month_required" time="0.069" /><testcase classname="tests.test_transactions.TestExpenses" name="test_list_seeded" time="0.074" /><testcase classname="tests.test_transactions.TestExpenses" name="test_expense_crud" time="0.361" /><testcase classname="tests.test_transactions.TestSalary" name="test_list_seeded" time="0.058" /><testcase classname="tests.test_transactions.TestSalary" name="test_salary_crud_net_calc" time="0.370" /><testcase classname="tests.test_cookie_session.TestPasswordStorage" name="test_bcrypt_hash_format" time="0.004" /><testcase classname="tests.test_team_expenses.TestExpenseSummary" name="test_month_expense_categories_reconcile" time="0.074" /></testsuite></testsuites>